<?xml version="1.0" encoding="UTF-8"?>
<!-- Generated by org.testng.reporters.JUnitReportReporter -->
<testsuite hostname="LAPTOP-16QI022G" failures="0" tests="3" name="api.test.UserTests" time="7.950" errors="0" timestamp="2025-07-19T19:11:23 IST" skipped="0">
  <testcase classname="api.test.UserTests" name="testPostUser" time="3.730"/>
  <testcase classname="api.test.UserTests" name="testUpdateUserByName" time="2.800"/>
  <testcase classname="api.test.UserTests" name="testDeleteUserByName" time="1.420"/>
</testsuite> <!-- api.test.UserTests -->
