<?xml version="1.0" encoding="UTF-8"?>
<!-- Generated by org.testng.reporters.JUnitReportReporter -->
<testsuite hostname="LAPTOP-16QI022G" failures="0" tests="6" name="api.test.DDTest" time="12.728" errors="0" timestamp="2025-07-19T16:04:50 IST" skipped="0">
  <testcase classname="api.test.DDTest" name="testPostuser" time="4.850"/>
  <testcase classname="api.test.DDTest" name="testPostuser" time="1.534"/>
  <testcase classname="api.test.DDTest" name="testPostuser" time="1.626"/>
  <testcase classname="api.test.DDTest" name="testDeleteUserByName" time="1.741"/>
  <testcase classname="api.test.DDTest" name="testDeleteUserByName" time="1.333"/>
  <testcase classname="api.test.DDTest" name="testDeleteUserByName" time="1.644"/>
</testsuite> <!-- api.test.DDTest -->
