<?xml version="1.0" encoding="UTF-8"?>
<!-- Generated by org.testng.reporters.JUnitReportReporter -->
<testsuite hostname="LAPTOP-16QI022G" failures="0" tests="3" name="api.test.UserTests2" time="8.081" errors="0" timestamp="2025-07-19T21:36:02 IST" skipped="0">
  <testcase classname="api.test.UserTests2" name="testPostUser" time="4.597"/>
  <testcase classname="api.test.UserTests2" name="testUpdateUserByName" time="2.357"/>
  <testcase classname="api.test.UserTests2" name="testDeleteUserByName" time="1.127"/>
</testsuite> <!-- api.test.UserTests2 -->
